
16. Printing statistics.

=== gcd ===

   Number of wires:                518
   Number of wire bits:            564
   Number of public wires:          42
   Number of public wire bits:      88
   Number of memories:               0
   Number of memory bits:            0
   Number of processes:              0
   Number of cells:                493
     AND2_X1                         3
     AND2_X2                         2
     AND3_X4                         1
     AOI21_X1                        5
     AOI21_X2                        7
     AOI22_X1                        1
     BUF_X1                          9
     BUF_X2                          1
     BUF_X4                          4
     BUF_X8                          2
     CLKBUF_X1                       1
     DFF_X1                         35
     INV_X1                        124
     INV_X2                          3
     NAND2_X1                      133
     NAND2_X2                        9
     NAND2_X4                        2
     NAND3_X1                       32
     NAND3_X2                        4
     NAND4_X1                        4
     NOR2_X1                        24
     NOR2_X2                         6
     NOR2_X4                         1
     NOR3_X1                         1
     OAI21_X1                       60
     OAI221_X1                       1
     OAI22_X1                        3
     OR2_X1                          2
     XNOR2_X1                       12
     XOR2_X1                         1

   Chip area for module '\gcd': 571.102000
